<?xml version="1.0" encoding="UTF-8"?>
<testng-results skipped="0" failed="0" ignored="0" total="2" passed="2">
  <reporter-output>
  </reporter-output>
  <suite name="Default suite" duration-ms="220" started-at="2022-07-07T05:00:28Z" finished-at="2022-07-07T05:00:28Z">
    <groups>
    </groups>
    <test name="Default test" duration-ms="220" started-at="2022-07-07T05:00:28Z" finished-at="2022-07-07T05:00:28Z">
      <class name="excelOperation.DataManagementWithDataProvider">
        <test-method status="PASS" signature="f(java.lang.Integer, java.lang.String)[pri:0, instance:excelOperation.DataManagementWithDataProvider@6f7fd0e6]" name="f" duration-ms="22" started-at="2022-07-07T05:00:28Z" data-provider="dp" finished-at="2022-07-07T05:00:28Z">
          <params>
            <param index="0">
              <value>
                <![CDATA[1]]>
              </value>
            </param>
            <param index="1">
              <value>
                <![CDATA[a]]>
              </value>
            </param>
          </params>
          <reporter-output>
          </reporter-output>
        </test-method> <!-- f -->
        <test-method status="PASS" signature="f(java.lang.Integer, java.lang.String)[pri:0, instance:excelOperation.DataManagementWithDataProvider@6f7fd0e6]" name="f" duration-ms="6" started-at="2022-07-07T05:00:28Z" data-provider="dp" finished-at="2022-07-07T05:00:28Z">
          <params>
            <param index="0">
              <value>
                <![CDATA[2]]>
              </value>
            </param>
            <param index="1">
              <value>
                <![CDATA[b]]>
              </value>
            </param>
          </params>
          <reporter-output>
          </reporter-output>
        </test-method> <!-- f -->
      </class> <!-- excelOperation.DataManagementWithDataProvider -->
    </test> <!-- Default test -->
  </suite> <!-- Default suite -->
</testng-results>
