<?xml version="1.0" encoding="UTF-8"?>
<!-- Generated by org.testng.reporters.JUnitXMLReporter -->
<testsuite hostname="rajamama" ignored="0" name="Default test" tests="4" failures="0" timestamp="22 Jun 2022 14:51:51 GMT" time="0.087" errors="0">
  <testcase name="orange" time="0.017" classname="project.TestDependency"/>
  <testcase name="blue" time="0.003" classname="project.TestDependency"/>
  <testcase name="white" time="0.002" classname="project.TestDependency">
    <skipped/>
  </testcase> <!-- white -->
  <testcase name="green" time="0.0" classname="project.TestDependency">
    <skipped/>
  </testcase> <!-- green -->
</testsuite> <!-- Default test -->
