<?xml version="1.0" encoding="UTF-8"?>
<!-- Generated by org.testng.reporters.JUnitXMLReporter -->
<testsuite hostname="rajamama" ignored="1" name="Creat New Booking Test - pay@hotel" tests="7" failures="0" timestamp="27 Jun 2022 07:10:12 GMT" time="0.116" errors="0">
  <testcase name="searchHotel" time="0.017" classname="testcasses.BookingSearch"/>
  <testcase name="selectHotel" time="0.002" classname="testcasses.BookingSearch"/>
  <testcase name="enterGuestInfo" time="0.008" classname="testcasses.BookingSearch"/>
  <testcase name="applyDiscount" time="0.01" classname="testcasses.PaymentManager"/>
  <testcase name="makePayment" time="0.004" classname="testcasses.PaymentManager"/>
  <testcase name="checkEmailVarification" time="0.006" classname="testcasses.CustomerComunication"/>
  <testcase name="checkMobileVarification" time="0.002" classname="testcasses.CustomerComunication"/>
  <testcase name="loadBooking" time="0.0" classname="testcasses.BookingSearch">
    <ignored/>
  </testcase> <!-- loadBooking -->
</testsuite> <!-- Creat New Booking Test - pay@hotel -->
