<?xml version="1.0" encoding="UTF-8"?>
<!-- Generated by org.testng.reporters.JUnitXMLReporter -->
<testsuite hostname="rajamama" ignored="2" name="Creat New Booking Test - electronic media" tests="6" failures="0" timestamp="27 Jun 2022 07:10:12 GMT" time="0.087" errors="0">
  <testcase name="loadBooking" time="0.014" classname="testcasses.BookingSearch"/>
  <testcase name="enterGuestInfo" time="0.003" classname="testcasses.BookingSearch"/>
  <testcase name="applyDiscount" time="0.002" classname="testcasses.PaymentManager"/>
  <testcase name="makePayment" time="0.006" classname="testcasses.PaymentManager"/>
  <testcase name="checkEmailVarification" time="0.007" classname="testcasses.CustomerComunication"/>
  <testcase name="checkMobileVarification" time="0.004" classname="testcasses.CustomerComunication"/>
  <testcase name="searchHotel" time="0.0" classname="testcasses.BookingSearch">
    <ignored/>
  </testcase> <!-- searchHotel -->
  <testcase name="selectHotel" time="0.0" classname="testcasses.BookingSearch">
    <ignored/>
  </testcase> <!-- selectHotel -->
</testsuite> <!-- Creat New Booking Test - electronic media -->
