<?xml version="1.0" encoding="UTF-8"?>
<!-- Generated by org.testng.reporters.JUnitXMLReporter -->
<testsuite hostname="rajamama" ignored="2" name="Modify Existing  Booking Test" tests="6" failures="0" timestamp="27 Jun 2022 05:32:13 GMT" time="0.197" errors="0">
  <testcase name="loadBooking" time="0.002" classname="testcasses.BookingSearch"/>
  <testcase name="enterGuestInfo" time="0.004" classname="testcasses.BookingSearch"/>
  <testcase name="applyDiscount" time="0.003" classname="testcasses.PaymentManager"/>
  <testcase name="makePayment" time="0.002" classname="testcasses.PaymentManager"/>
  <testcase name="checkEmailVarification" time="0.002" classname="testcasses.CustomerComunication"/>
  <testcase name="checkMobileVarification" time="0.005" classname="testcasses.CustomerComunication"/>
  <testcase name="searchHotel" time="0.0" classname="testcasses.BookingSearch">
    <ignored/>
  </testcase> <!-- searchHotel -->
  <testcase name="selectHotel" time="0.0" classname="testcasses.BookingSearch">
    <ignored/>
  </testcase> <!-- selectHotel -->
</testsuite> <!-- Modify Existing  Booking Test -->
