<?xml version="1.0" encoding="UTF-8"?>
<!-- Generated by org.testng.reporters.JUnitXMLReporter -->
<testsuite hostname="rajamama" ignored="1" name="Modify Existing Test" tests="7" failures="0" timestamp="26 Jun 2022 07:06:26 GMT" time="0.443" errors="0">
  <testcase name="searchHotel" time="0.101" classname="testcasses.BookingSearch"/>
  <testcase name="selectHotel" time="0.029" classname="testcasses.BookingSearch"/>
  <testcase name="enterGuestInfo" time="0.015" classname="testcasses.BookingSearch"/>
  <testcase name="applyDiscount" time="0.015" classname="testcasses.PaymentManager"/>
  <testcase name="makePayment" time="0.01" classname="testcasses.PaymentManager"/>
  <testcase name="checkEmailVarification" time="0.016" classname="testcasses.CustomerComunication"/>
  <testcase name="checkMobileVarification" time="0.014" classname="testcasses.CustomerComunication"/>
  <testcase name="loadBooking" time="0.0" classname="testcasses.BookingSearch">
    <ignored/>
  </testcase> <!-- loadBooking -->
</testsuite> <!-- Modify Existing Test -->
