<?xml version="1.0" encoding="UTF-8"?>
<!-- Generated by org.testng.reporters.JUnitXMLReporter -->
<testsuite hostname="rajamama" ignored="4" name="Test" tests="2" failures="0" timestamp="18 Jul 2022 11:24:05 GMT" time="138.852" errors="0">
  <testcase name="doLogin" time="138.719" classname="testcases.Session"/>
  <testcase name="createPortifolio" time="0.001" classname="testcases.PortifolioManagement"/>
  <testcase name="deletePortifolio" time="0.0" classname="testcases.PortifolioManagement">
    <ignored/>
  </testcase> <!-- deletePortifolio -->
  <testcase name="@BeforeTest beforeTest" time="0.0" classname="testcases.BaseTest">
    <ignored/>
  </testcase> <!-- @BeforeTest beforeTest -->
  <testcase name="doLogOut" time="0.0" classname="testcases.Session">
    <ignored/>
  </testcase> <!-- doLogOut -->
  <testcase name="modifyPortifolio" time="0.0" classname="testcases.PortifolioManagement">
    <ignored/>
  </testcase> <!-- modifyPortifolio -->
</testsuite> <!-- Test -->
