<?xml version="1.0" encoding="UTF-8"?>
<!-- Generated by org.testng.reporters.JUnitXMLReporter -->
<testsuite hostname="rajamama" ignored="1" name="Test" tests="3" failures="0" timestamp="22 Jun 2022 12:57:41 GMT" time="0.151" errors="0">
  <testcase name="@BeforeMethod beforeMethod" time="0.011" classname="project.RadioButton1">
    <failure type="java.lang.Error" message="Unresolved compilation problem: 
	ExtentManager cannot be resolved
">
      <![CDATA[java.lang.Error: Unresolved compilation problem: 
ExtentManager cannot be resolved

at project.BaseTest.init(BaseTest.java:74)
at project.RadioButton1.beforeMethod(RadioButton1.java:21)
... Removed 28 stack frames]]>
    </failure>
  </testcase> <!-- @BeforeMethod beforeMethod -->
  <testcase name="@BeforeMethod setup" time="0.007" classname="project.LinksTesting1">
    <failure type="java.lang.Error" message="Unresolved compilation problem: 
	ExtentManager cannot be resolved
">
      <![CDATA[java.lang.Error: Unresolved compilation problem: 
ExtentManager cannot be resolved

at project.BaseTest.init(BaseTest.java:74)
at project.LinksTesting1.setup(LinksTesting1.java:21)
... Removed 28 stack frames]]>
    </failure>
  </testcase> <!-- @BeforeMethod setup -->
  <testcase name="@BeforeMethod beforeMethod" time="0.001" classname="project.CheckBox1">
    <failure type="java.lang.Error" message="Unresolved compilation problem: 
	ExtentManager cannot be resolved
">
      <![CDATA[java.lang.Error: Unresolved compilation problem: 
ExtentManager cannot be resolved

at project.BaseTest.init(BaseTest.java:74)
at project.CheckBox1.beforeMethod(CheckBox1.java:22)
... Removed 28 stack frames]]>
    </failure>
  </testcase> <!-- @BeforeMethod beforeMethod -->
  <testcase name="radioButtonTest" time="0.0" classname="project.RadioButton1">
    <skipped/>
  </testcase> <!-- radioButtonTest -->
  <testcase name="linktesting1" time="0.0" classname="project.LinksTesting1">
    <skipped/>
  </testcase> <!-- linktesting1 -->
  <testcase name="checkboxTest" time="0.0" classname="project.CheckBox1">
    <skipped/>
  </testcase> <!-- checkboxTest -->
  <testcase name="amazon" time="0.0" classname="project.TNG_001">
    <ignored/>
  </testcase> <!-- amazon -->
</testsuite> <!-- Test -->
